2020-11-03 17:33:12,823 INFO [main] s.t.j.JobExecutorApplication [StartupInfoLogger.java : 50] Starting JobExecutorApplication on LAPTOP-DO5O5KMU with PID 28868 (E:\workspace\tacomall\tacomall-springboot\tacomall-job\tacomall-job-executor\target\classes started by running-cat in e:\workspace\tacomall\tacomall-springboot\tacomall-job\tacomall-job-executor)
2020-11-03 17:33:12,827 INFO [main] s.t.j.JobExecutorApplication [SpringApplication.java : 651] The following profiles are active: dev
2020-11-03 17:33:14,456 INFO [main] o.s.b.w.e.tomcat.TomcatWebServer [TomcatWebServer.java : 90] Tomcat initialized with port(s): 5001 (http)
2020-11-03 17:33:14,496 INFO [main] o.a.coyote.http11.Http11NioProtocol [DirectJDKLog.java : 173] Initializing ProtocolHandler ["http-nio-5001"]
2020-11-03 17:33:14,517 INFO [main] o.a.catalina.core.StandardService [DirectJDKLog.java : 173] Starting service [Tomcat]
2020-11-03 17:33:14,531 INFO [main] o.a.catalina.core.StandardEngine [DirectJDKLog.java : 173] Starting Servlet engine: [Apache Tomcat/9.0.22]
2020-11-03 17:33:14,776 INFO [main] o.a.c.c.C.[Tomcat].[localhost].[/] [DirectJDKLog.java : 173] Initializing Spring embedded WebApplicationContext
2020-11-03 17:33:14,777 INFO [main] o.s.web.context.ContextLoader [ServletWebServerApplicationContext.java : 284] Root WebApplicationContext: initialization completed in 1888 ms
2020-11-03 17:33:14,894 INFO [main] c.b.j.r.r.p.JobsRpcProviderFactory [JobsRpcProviderFactory.java : 173] Jobs rpc, provider factory add service success. serviceKey = com.baomidou.jobs.executor.IJobsExecutor, serviceBean = class com.baomidou.jobs.executor.JobsExecutor
2020-11-03 17:33:15,174 INFO [main] o.s.s.c.ThreadPoolTaskExecutor [ExecutorConfigurationSupport.java : 171] Initializing ExecutorService 'applicationTaskExecutor'
2020-11-03 17:33:15,408 INFO [Thread-1] c.b.j.r.r.n.i.n.h.s.NettyHttpServer [NettyHttpServer.java : 62] Jobs rpc remoting server start success, nettype = com.baomidou.jobs.rpc.remoting.net.impl.netty.http.server.NettyHttpServer, port = 9999
2020-11-03 17:33:15,444 INFO [main] o.a.coyote.http11.Http11NioProtocol [DirectJDKLog.java : 173] Starting ProtocolHandler ["http-nio-5001"]
2020-11-03 17:33:15,474 INFO [main] o.s.b.w.e.tomcat.TomcatWebServer [TomcatWebServer.java : 202] Tomcat started on port(s): 5001 (http) with context path ''
2020-11-03 17:33:15,480 INFO [main] s.t.j.JobExecutorApplication [StartupInfoLogger.java : 59] Started JobExecutorApplication in 3.026 seconds (JVM running for 3.919)
2020-11-03 17:38:06,578 INFO [main] s.t.j.JobExecutorApplication [StartupInfoLogger.java : 50] Starting JobExecutorApplication on LAPTOP-DO5O5KMU with PID 12480 (E:\workspace\tacomall\tacomall-springboot\tacomall-job\tacomall-job-executor\target\classes started by running-cat in e:\workspace\tacomall\tacomall-springboot\tacomall-job\tacomall-job-executor)
2020-11-03 17:38:06,580 INFO [main] s.t.j.JobExecutorApplication [SpringApplication.java : 651] The following profiles are active: dev
2020-11-03 17:38:07,977 INFO [main] o.s.b.w.e.tomcat.TomcatWebServer [TomcatWebServer.java : 90] Tomcat initialized with port(s): 5001 (http)
2020-11-03 17:38:07,999 INFO [main] o.a.coyote.http11.Http11NioProtocol [DirectJDKLog.java : 173] Initializing ProtocolHandler ["http-nio-5001"]
2020-11-03 17:38:08,012 INFO [main] o.a.catalina.core.StandardService [DirectJDKLog.java : 173] Starting service [Tomcat]
2020-11-03 17:38:08,013 INFO [main] o.a.catalina.core.StandardEngine [DirectJDKLog.java : 173] Starting Servlet engine: [Apache Tomcat/9.0.22]
2020-11-03 17:38:08,149 INFO [main] o.a.c.c.C.[Tomcat].[localhost].[/] [DirectJDKLog.java : 173] Initializing Spring embedded WebApplicationContext
2020-11-03 17:38:08,149 INFO [main] o.s.web.context.ContextLoader [ServletWebServerApplicationContext.java : 284] Root WebApplicationContext: initialization completed in 1502 ms
2020-11-03 17:38:08,256 INFO [main] c.b.j.r.r.p.JobsRpcProviderFactory [JobsRpcProviderFactory.java : 173] Jobs rpc, provider factory add service success. serviceKey = com.baomidou.jobs.executor.IJobsExecutor, serviceBean = class com.baomidou.jobs.executor.JobsExecutor
2020-11-03 17:38:08,474 INFO [main] o.s.s.c.ThreadPoolTaskExecutor [ExecutorConfigurationSupport.java : 171] Initializing ExecutorService 'applicationTaskExecutor'
2020-11-03 17:38:08,665 INFO [Thread-1] c.b.j.r.r.n.i.n.h.s.NettyHttpServer [NettyHttpServer.java : 62] Jobs rpc remoting server start success, nettype = com.baomidou.jobs.rpc.remoting.net.impl.netty.http.server.NettyHttpServer, port = 9999
2020-11-03 17:38:08,750 INFO [main] o.a.coyote.http11.Http11NioProtocol [DirectJDKLog.java : 173] Starting ProtocolHandler ["http-nio-5001"]
2020-11-03 17:38:08,778 INFO [main] o.s.b.w.e.tomcat.TomcatWebServer [TomcatWebServer.java : 202] Tomcat started on port(s): 5001 (http) with context path ''
2020-11-03 17:38:08,783 INFO [main] s.t.j.JobExecutorApplication [StartupInfoLogger.java : 59] Started JobExecutorApplication in 2.633 seconds (JVM running for 3.665)
